<?xml version="1.0" encoding="UTF-8"?>
<testsuite name="hello.ActuatorApplicationTests" tests="1" skipped="0" failures="0" errors="0" timestamp="2023-12-17T15:58:39" hostname="김수호" time="0.891">
  <properties/>
  <testcase name="contextLoads()" classname="hello.ActuatorApplicationTests" time="0.891"/>
  <system-out><![CDATA[00:58:28.824 [Test worker] DEBUG org.springframework.boot.test.context.SpringBootTestContextBootstrapper - Neither @ContextConfiguration nor @ContextHierarchy found for test class [ActuatorApplicationTests]: using SpringBootContextLoader
00:58:28.835 [Test worker] DEBUG org.springframework.test.context.support.AbstractContextLoader - Could not detect default resource locations for test class [hello.ActuatorApplicationTests]: no resource found for suffixes {-context.xml, Context.groovy}.
00:58:28.837 [Test worker] INFO org.springframework.test.context.support.AnnotationConfigContextLoaderUtils - Could not detect default configuration classes for test class [hello.ActuatorApplicationTests]: ActuatorApplicationTests does not declare any static, non-private, non-final, nested classes annotated with @Configuration.
00:58:28.898 [Test worker] DEBUG org.springframework.boot.test.context.SpringBootTestContextBootstrapper - Using ContextCustomizers for test class [ActuatorApplicationTests]: [DisableObservabilityContextCustomizer, PropertyMappingContextCustomizer, Customizer, ExcludeFilterContextCustomizer, DuplicateJsonObjectContextCustomizer, MockitoContextCustomizer, TestRestTemplateContextCustomizer]
00:58:29.054 [Test worker] DEBUG org.springframework.context.annotation.ClassPathScanningCandidateComponentProvider - Identified candidate component class: file [D:\study\스프링 부트\actuator\build\classes\java\main\hello\ActuatorApplication.class]
00:58:29.058 [Test worker] INFO org.springframework.boot.test.context.SpringBootTestContextBootstrapper - Found @SpringBootConfiguration hello.ActuatorApplication for test class hello.ActuatorApplicationTests
00:58:29.309 [Test worker] DEBUG org.springframework.boot.test.context.SpringBootTestContextBootstrapper - Using TestExecutionListeners for test class [ActuatorApplicationTests]: [ServletTestExecutionListener, DirtiesContextBeforeModesTestExecutionListener, ApplicationEventsTestExecutionListener, MockitoTestExecutionListener, DependencyInjectionTestExecutionListener, DirtiesContextTestExecutionListener, TransactionalTestExecutionListener, SqlScriptsTestExecutionListener, EventPublishingTestExecutionListener, RestDocsTestExecutionListener, MockRestServiceServerResetTestExecutionListener, MockMvcPrintOnlyOnFailureTestExecutionListener, WebDriverTestExecutionListener, MockWebServiceServerTestExecutionListener, ResetMocksTestExecutionListener]
00:58:29.312 [Test worker] DEBUG org.springframework.test.context.support.AbstractDirtiesContextTestExecutionListener - Before test class: class [ActuatorApplicationTests], class annotated with @DirtiesContext [false] with mode [null]

  .   ____          _            __ _ _
 /\\ / ___'_ __ _ _(_)_ __  __ _ \ \ \ \
( ( )\___ | '_ | '_| | '_ \/ _` | \ \ \ \
 \\/  ___)| |_)| | | | | || (_| |  ) ) ) )
  '  |____| .__|_| |_|_| |_\__, | / / / /
 =========|_|==============|___/=/_/_/_/
 :: Spring Boot ::                (v3.0.2)

2023-12-18T00:58:30.144+09:00  INFO 10320 --- [    Test worker] hello.ActuatorApplicationTests           : Starting ActuatorApplicationTests using Java 17 with PID 10320 (started by 김수호 in D:\study\스프링 부트\actuator)
2023-12-18T00:58:30.147+09:00  INFO 10320 --- [    Test worker] hello.ActuatorApplicationTests           : No active profile set, falling back to 1 default profile: "default"
2023-12-18T00:58:32.668+09:00  INFO 10320 --- [    Test worker] .s.d.r.c.RepositoryConfigurationDelegate : Bootstrapping Spring Data JPA repositories in DEFAULT mode.
2023-12-18T00:58:32.728+09:00  INFO 10320 --- [    Test worker] .s.d.r.c.RepositoryConfigurationDelegate : Finished Spring Data repository scanning in 36 ms. Found 0 JPA repository interfaces.
2023-12-18T00:58:33.780+09:00  INFO 10320 --- [    Test worker] com.zaxxer.hikari.HikariDataSource       : HikariPool-1 - Starting...
2023-12-18T00:58:34.311+09:00  INFO 10320 --- [    Test worker] com.zaxxer.hikari.pool.HikariPool        : HikariPool-1 - Added connection conn0: url=jdbc:h2:mem:a3f0875d-60ce-43e2-8717-7d7307646413 user=SA
2023-12-18T00:58:34.315+09:00  INFO 10320 --- [    Test worker] com.zaxxer.hikari.HikariDataSource       : HikariPool-1 - Start completed.
2023-12-18T00:58:34.477+09:00  INFO 10320 --- [    Test worker] o.hibernate.jpa.internal.util.LogHelper  : HHH000204: Processing PersistenceUnitInfo [name: default]
2023-12-18T00:58:34.671+09:00  INFO 10320 --- [    Test worker] org.hibernate.Version                    : HHH000412: Hibernate ORM core version 6.1.6.Final
2023-12-18T00:58:35.263+09:00  WARN 10320 --- [    Test worker] org.hibernate.orm.deprecation            : HHH90000021: Encountered deprecated setting [javax.persistence.sharedCache.mode], use [jakarta.persistence.sharedCache.mode] instead
2023-12-18T00:58:35.712+09:00  INFO 10320 --- [    Test worker] SQL dialect                              : HHH000400: Using dialect: org.hibernate.dialect.H2Dialect
2023-12-18T00:58:36.394+09:00  INFO 10320 --- [    Test worker] o.h.e.t.j.p.i.JtaPlatformInitiator       : HHH000490: Using JtaPlatform implementation: [org.hibernate.engine.transaction.jta.platform.internal.NoJtaPlatform]
2023-12-18T00:58:36.422+09:00  INFO 10320 --- [    Test worker] j.LocalContainerEntityManagerFactoryBean : Initialized JPA EntityManagerFactory for persistence unit 'default'
2023-12-18T00:58:36.827+09:00  WARN 10320 --- [    Test worker] JpaBaseConfiguration$JpaWebConfiguration : spring.jpa.open-in-view is enabled by default. Therefore, database queries may be performed during view rendering. Explicitly configure spring.jpa.open-in-view to disable this warning
2023-12-18T00:58:38.919+09:00  INFO 10320 --- [    Test worker] o.s.b.a.e.web.EndpointLinksResolver      : Exposing 14 endpoint(s) beneath base path '/actuator'
2023-12-18T00:58:39.124+09:00  INFO 10320 --- [    Test worker] hello.ActuatorApplicationTests           : Started ActuatorApplicationTests in 9.696 seconds (process running for 12.584)
]]></system-out>
  <system-err><![CDATA[]]></system-err>
</testsuite>
